d:\one drive\onedrive - sheffield hallam university\university drive\computer science bsc\modules\year 2\oop for cs\chess game\x64\release\chess game.ipdb
d:\one drive\onedrive - sheffield hallam university\university drive\computer science bsc\modules\year 2\oop for cs\chess game\x64\release\chess game.iobj
d:\one drive\onedrive - sheffield hallam university\university drive\computer science bsc\modules\year 2\oop for cs\chess game\chess game\x64\release\vc142.pdb
d:\one drive\onedrive - sheffield hallam university\university drive\computer science bsc\modules\year 2\oop for cs\chess game\chess game\x64\release\timer.obj
d:\one drive\onedrive - sheffield hallam university\university drive\computer science bsc\modules\year 2\oop for cs\chess game\chess game\x64\release\startwindow.obj
d:\one drive\onedrive - sheffield hallam university\university drive\computer science bsc\modules\year 2\oop for cs\chess game\chess game\x64\release\queen.obj
d:\one drive\onedrive - sheffield hallam university\university drive\computer science bsc\modules\year 2\oop for cs\chess game\chess game\x64\release\playermanager.obj
d:\one drive\onedrive - sheffield hallam university\university drive\computer science bsc\modules\year 2\oop for cs\chess game\chess game\x64\release\pawn.obj
d:\one drive\onedrive - sheffield hallam university\university drive\computer science bsc\modules\year 2\oop for cs\chess game\chess game\x64\release\main.obj
d:\one drive\onedrive - sheffield hallam university\university drive\computer science bsc\modules\year 2\oop for cs\chess game\chess game\x64\release\knight.obj
d:\one drive\onedrive - sheffield hallam university\university drive\computer science bsc\modules\year 2\oop for cs\chess game\chess game\x64\release\king.obj
d:\one drive\onedrive - sheffield hallam university\university drive\computer science bsc\modules\year 2\oop for cs\chess game\chess game\x64\release\inputbox.obj
d:\one drive\onedrive - sheffield hallam university\university drive\computer science bsc\modules\year 2\oop for cs\chess game\chess game\x64\release\highscoreswindow.obj
d:\one drive\onedrive - sheffield hallam university\university drive\computer science bsc\modules\year 2\oop for cs\chess game\chess game\x64\release\gamewindow.obj
d:\one drive\onedrive - sheffield hallam university\university drive\computer science bsc\modules\year 2\oop for cs\chess game\chess game\x64\release\gamepiece.obj
d:\one drive\onedrive - sheffield hallam university\university drive\computer science bsc\modules\year 2\oop for cs\chess game\chess game\x64\release\entity.obj
d:\one drive\onedrive - sheffield hallam university\university drive\computer science bsc\modules\year 2\oop for cs\chess game\chess game\x64\release\easygraphics.obj
d:\one drive\onedrive - sheffield hallam university\university drive\computer science bsc\modules\year 2\oop for cs\chess game\chess game\x64\release\chessboardtile.obj
d:\one drive\onedrive - sheffield hallam university\university drive\computer science bsc\modules\year 2\oop for cs\chess game\chess game\x64\release\chessboard.obj
d:\one drive\onedrive - sheffield hallam university\university drive\computer science bsc\modules\year 2\oop for cs\chess game\chess game\x64\release\castle.obj
d:\one drive\onedrive - sheffield hallam university\university drive\computer science bsc\modules\year 2\oop for cs\chess game\chess game\x64\release\button.obj
d:\one drive\onedrive - sheffield hallam university\university drive\computer science bsc\modules\year 2\oop for cs\chess game\chess game\x64\release\bishop.obj
d:\one drive\onedrive - sheffield hallam university\university drive\computer science bsc\modules\year 2\oop for cs\chess game\x64\release\chess game.exe
d:\one drive\onedrive - sheffield hallam university\university drive\computer science bsc\modules\year 2\oop for cs\chess game\x64\release\chess game.pdb
d:\one drive\onedrive - sheffield hallam university\university drive\computer science bsc\modules\year 2\oop for cs\chess game\chess game\x64\release\chess game.tlog\chess game.write.1u.tlog
d:\one drive\onedrive - sheffield hallam university\university drive\computer science bsc\modules\year 2\oop for cs\chess game\chess game\x64\release\chess game.tlog\cl.command.1.tlog
d:\one drive\onedrive - sheffield hallam university\university drive\computer science bsc\modules\year 2\oop for cs\chess game\chess game\x64\release\chess game.tlog\cl.read.1.tlog
d:\one drive\onedrive - sheffield hallam university\university drive\computer science bsc\modules\year 2\oop for cs\chess game\chess game\x64\release\chess game.tlog\cl.write.1.tlog
d:\one drive\onedrive - sheffield hallam university\university drive\computer science bsc\modules\year 2\oop for cs\chess game\chess game\x64\release\chess game.tlog\link.command.1.tlog
d:\one drive\onedrive - sheffield hallam university\university drive\computer science bsc\modules\year 2\oop for cs\chess game\chess game\x64\release\chess game.tlog\link.read.1.tlog
d:\one drive\onedrive - sheffield hallam university\university drive\computer science bsc\modules\year 2\oop for cs\chess game\chess game\x64\release\chess game.tlog\link.write.1.tlog
