d:\one drive\onedrive - sheffield hallam university\university drive\computer science bsc\modules\year 2\oop for cs\chess game\chess game\x64\debug\vc142.pdb
d:\one drive\onedrive - sheffield hallam university\university drive\computer science bsc\modules\year 2\oop for cs\chess game\chess game\x64\debug\vc142.idb
d:\one drive\onedrive - sheffield hallam university\university drive\computer science bsc\modules\year 2\oop for cs\chess game\chess game\x64\debug\timer.obj
d:\one drive\onedrive - sheffield hallam university\university drive\computer science bsc\modules\year 2\oop for cs\chess game\chess game\x64\debug\startwindow.obj
d:\one drive\onedrive - sheffield hallam university\university drive\computer science bsc\modules\year 2\oop for cs\chess game\chess game\x64\debug\queen.obj
d:\one drive\onedrive - sheffield hallam university\university drive\computer science bsc\modules\year 2\oop for cs\chess game\chess game\x64\debug\playermanager.obj
d:\one drive\onedrive - sheffield hallam university\university drive\computer science bsc\modules\year 2\oop for cs\chess game\chess game\x64\debug\pawn.obj
d:\one drive\onedrive - sheffield hallam university\university drive\computer science bsc\modules\year 2\oop for cs\chess game\chess game\x64\debug\main.obj
d:\one drive\onedrive - sheffield hallam university\university drive\computer science bsc\modules\year 2\oop for cs\chess game\chess game\x64\debug\knight.obj
d:\one drive\onedrive - sheffield hallam university\university drive\computer science bsc\modules\year 2\oop for cs\chess game\chess game\x64\debug\king.obj
d:\one drive\onedrive - sheffield hallam university\university drive\computer science bsc\modules\year 2\oop for cs\chess game\chess game\x64\debug\inputbox.obj
d:\one drive\onedrive - sheffield hallam university\university drive\computer science bsc\modules\year 2\oop for cs\chess game\chess game\x64\debug\highscoreswindow.obj
d:\one drive\onedrive - sheffield hallam university\university drive\computer science bsc\modules\year 2\oop for cs\chess game\chess game\x64\debug\gamewindow.obj
d:\one drive\onedrive - sheffield hallam university\university drive\computer science bsc\modules\year 2\oop for cs\chess game\chess game\x64\debug\gamepiece.obj
d:\one drive\onedrive - sheffield hallam university\university drive\computer science bsc\modules\year 2\oop for cs\chess game\chess game\x64\debug\entity.obj
d:\one drive\onedrive - sheffield hallam university\university drive\computer science bsc\modules\year 2\oop for cs\chess game\chess game\x64\debug\easygraphics.obj
d:\one drive\onedrive - sheffield hallam university\university drive\computer science bsc\modules\year 2\oop for cs\chess game\chess game\x64\debug\chessboardtile.obj
d:\one drive\onedrive - sheffield hallam university\university drive\computer science bsc\modules\year 2\oop for cs\chess game\chess game\x64\debug\chessboard.obj
d:\one drive\onedrive - sheffield hallam university\university drive\computer science bsc\modules\year 2\oop for cs\chess game\chess game\x64\debug\castle.obj
d:\one drive\onedrive - sheffield hallam university\university drive\computer science bsc\modules\year 2\oop for cs\chess game\chess game\x64\debug\button.obj
d:\one drive\onedrive - sheffield hallam university\university drive\computer science bsc\modules\year 2\oop for cs\chess game\chess game\x64\debug\bishop.obj
d:\one drive\onedrive - sheffield hallam university\university drive\computer science bsc\modules\year 2\oop for cs\chess game\x64\debug\chess game.exe
d:\one drive\onedrive - sheffield hallam university\university drive\computer science bsc\modules\year 2\oop for cs\chess game\x64\debug\chess game.ilk
d:\one drive\onedrive - sheffield hallam university\university drive\computer science bsc\modules\year 2\oop for cs\chess game\x64\debug\chess game.pdb
d:\one drive\onedrive - sheffield hallam university\university drive\computer science bsc\modules\year 2\oop for cs\chess game\chess game\x64\debug\chess game.tlog\cl.command.1.tlog
d:\one drive\onedrive - sheffield hallam university\university drive\computer science bsc\modules\year 2\oop for cs\chess game\chess game\x64\debug\chess game.tlog\cl.read.1.tlog
d:\one drive\onedrive - sheffield hallam university\university drive\computer science bsc\modules\year 2\oop for cs\chess game\chess game\x64\debug\chess game.tlog\cl.write.1.tlog
d:\one drive\onedrive - sheffield hallam university\university drive\computer science bsc\modules\year 2\oop for cs\chess game\chess game\x64\debug\chess game.tlog\link.command.1.tlog
d:\one drive\onedrive - sheffield hallam university\university drive\computer science bsc\modules\year 2\oop for cs\chess game\chess game\x64\debug\chess game.tlog\link.read.1.tlog
d:\one drive\onedrive - sheffield hallam university\university drive\computer science bsc\modules\year 2\oop for cs\chess game\chess game\x64\debug\chess game.tlog\link.write.1.tlog
