  ChessBoard.cpp
D:\One Drive\OneDrive - Sheffield Hallam University\University Drive\Computer Science BSc\Modules\Year 2\OOP for CS\Chess Game\Chess Game\PlayerManager.h(15,37): error C2061: syntax error: identifier 'GamePiece'
D:\One Drive\OneDrive - Sheffield Hallam University\University Drive\Computer Science BSc\Modules\Year 2\OOP for CS\Chess Game\Chess Game\PlayerManager.h(23,14): error C2065: 'GamePiece': undeclared identifier
D:\One Drive\OneDrive - Sheffield Hallam University\University Drive\Computer Science BSc\Modules\Year 2\OOP for CS\Chess Game\Chess Game\PlayerManager.h(23,24): error C2059: syntax error: '>'
D:\One Drive\OneDrive - Sheffield Hallam University\University Drive\Computer Science BSc\Modules\Year 2\OOP for CS\Chess Game\Chess Game\PlayerManager.h(24,14): error C2065: 'GamePiece': undeclared identifier
D:\One Drive\OneDrive - Sheffield Hallam University\University Drive\Computer Science BSc\Modules\Year 2\OOP for CS\Chess Game\Chess Game\PlayerManager.h(24,24): error C2059: syntax error: '>'
D:\One Drive\OneDrive - Sheffield Hallam University\University Drive\Computer Science BSc\Modules\Year 2\OOP for CS\Chess Game\Chess Game\GamePiece.h(16): warning C4091: 'static ': ignored on left of 'GamePiece::Team' when no variable is declared
D:\One Drive\OneDrive - Sheffield Hallam University\University Drive\Computer Science BSc\Modules\Year 2\OOP for CS\Chess Game\Chess Game\GamePiece.h(25,71): error C2061: syntax error: identifier 'ChessBoard'
D:\One Drive\OneDrive - Sheffield Hallam University\University Drive\Computer Science BSc\Modules\Year 2\OOP for CS\Chess Game\Chess Game\Pawn.h(11,64): error C2061: syntax error: identifier 'ChessBoard'
D:\One Drive\OneDrive - Sheffield Hallam University\University Drive\Computer Science BSc\Modules\Year 2\OOP for CS\Chess Game\Chess Game\ChessBoard.cpp(40,20): warning C4018: '<': signed/unsigned mismatch
D:\One Drive\OneDrive - Sheffield Hallam University\University Drive\Computer Science BSc\Modules\Year 2\OOP for CS\Chess Game\Chess Game\ChessBoard.cpp(49,20): warning C4018: '<': signed/unsigned mismatch
D:\One Drive\OneDrive - Sheffield Hallam University\University Drive\Computer Science BSc\Modules\Year 2\OOP for CS\Chess Game\Chess Game\ChessBoard.cpp(64,20): warning C4018: '<': signed/unsigned mismatch
D:\One Drive\OneDrive - Sheffield Hallam University\University Drive\Computer Science BSc\Modules\Year 2\OOP for CS\Chess Game\Chess Game\ChessBoard.cpp(70,23): warning C4018: '<': signed/unsigned mismatch
D:\One Drive\OneDrive - Sheffield Hallam University\University Drive\Computer Science BSc\Modules\Year 2\OOP for CS\Chess Game\Chess Game\ChessBoard.cpp(78,69): error C2660: 'GamePiece::GetPossibleMoves': function does not take 1 arguments
D:\One Drive\OneDrive - Sheffield Hallam University\University Drive\Computer Science BSc\Modules\Year 2\OOP for CS\Chess Game\Chess Game\GamePiece.h(25,44): message : see declaration of 'GamePiece::GetPossibleMoves'
D:\One Drive\OneDrive - Sheffield Hallam University\University Drive\Computer Science BSc\Modules\Year 2\OOP for CS\Chess Game\Chess Game\ChessBoard.cpp(81,76): error C2660: 'GamePiece::GetPossibleMoves': function does not take 1 arguments
D:\One Drive\OneDrive - Sheffield Hallam University\University Drive\Computer Science BSc\Modules\Year 2\OOP for CS\Chess Game\Chess Game\GamePiece.h(25,44): message : see declaration of 'GamePiece::GetPossibleMoves'
D:\One Drive\OneDrive - Sheffield Hallam University\University Drive\Computer Science BSc\Modules\Year 2\OOP for CS\Chess Game\Chess Game\ChessBoard.cpp(81,21): error C2672: 'std::get': no matching overloaded function found
D:\One Drive\OneDrive - Sheffield Hallam University\University Drive\Computer Science BSc\Modules\Year 2\OOP for CS\Chess Game\Chess Game\ChessBoard.cpp(82,79): error C2660: 'GamePiece::GetPossibleMoves': function does not take 1 arguments
D:\One Drive\OneDrive - Sheffield Hallam University\University Drive\Computer Science BSc\Modules\Year 2\OOP for CS\Chess Game\Chess Game\GamePiece.h(25,44): message : see declaration of 'GamePiece::GetPossibleMoves'
D:\One Drive\OneDrive - Sheffield Hallam University\University Drive\Computer Science BSc\Modules\Year 2\OOP for CS\Chess Game\Chess Game\ChessBoard.cpp(82,24): error C2672: 'std::get': no matching overloaded function found
D:\One Drive\OneDrive - Sheffield Hallam University\University Drive\Computer Science BSc\Modules\Year 2\OOP for CS\Chess Game\Chess Game\ChessBoard.cpp(93,69): error C2660: 'GamePiece::GetPossibleMoves': function does not take 1 arguments
D:\One Drive\OneDrive - Sheffield Hallam University\University Drive\Computer Science BSc\Modules\Year 2\OOP for CS\Chess Game\Chess Game\GamePiece.h(25,44): message : see declaration of 'GamePiece::GetPossibleMoves'
D:\One Drive\OneDrive - Sheffield Hallam University\University Drive\Computer Science BSc\Modules\Year 2\OOP for CS\Chess Game\Chess Game\ChessBoard.cpp(96,76): error C2660: 'GamePiece::GetPossibleMoves': function does not take 1 arguments
D:\One Drive\OneDrive - Sheffield Hallam University\University Drive\Computer Science BSc\Modules\Year 2\OOP for CS\Chess Game\Chess Game\GamePiece.h(25,44): message : see declaration of 'GamePiece::GetPossibleMoves'
D:\One Drive\OneDrive - Sheffield Hallam University\University Drive\Computer Science BSc\Modules\Year 2\OOP for CS\Chess Game\Chess Game\ChessBoard.cpp(96,21): error C2672: 'std::get': no matching overloaded function found
D:\One Drive\OneDrive - Sheffield Hallam University\University Drive\Computer Science BSc\Modules\Year 2\OOP for CS\Chess Game\Chess Game\ChessBoard.cpp(97,79): error C2660: 'GamePiece::GetPossibleMoves': function does not take 1 arguments
D:\One Drive\OneDrive - Sheffield Hallam University\University Drive\Computer Science BSc\Modules\Year 2\OOP for CS\Chess Game\Chess Game\GamePiece.h(25,44): message : see declaration of 'GamePiece::GetPossibleMoves'
D:\One Drive\OneDrive - Sheffield Hallam University\University Drive\Computer Science BSc\Modules\Year 2\OOP for CS\Chess Game\Chess Game\ChessBoard.cpp(97,24): error C2672: 'std::get': no matching overloaded function found
  ChessBoardTile.cpp
D:\One Drive\OneDrive - Sheffield Hallam University\University Drive\Computer Science BSc\Modules\Year 2\OOP for CS\Chess Game\Chess Game\ChessBoard.cpp(110,24): warning C4018: '<': signed/unsigned mismatch
D:\One Drive\OneDrive - Sheffield Hallam University\University Drive\Computer Science BSc\Modules\Year 2\OOP for CS\Chess Game\Chess Game\Pawn.h(7,1): error C2504: 'GamePiece': base class undefined
D:\One Drive\OneDrive - Sheffield Hallam University\University Drive\Computer Science BSc\Modules\Year 2\OOP for CS\Chess Game\Chess Game\Pawn.h(9,54): error C2061: syntax error: identifier 'Team'
D:\One Drive\OneDrive - Sheffield Hallam University\University Drive\Computer Science BSc\Modules\Year 2\OOP for CS\Chess Game\Chess Game\Pawn.h(11,64): error C2061: syntax error: identifier 'ChessBoard'
D:\One Drive\OneDrive - Sheffield Hallam University\University Drive\Computer Science BSc\Modules\Year 2\OOP for CS\Chess Game\Chess Game\Pawn.h(12,35): error C2061: syntax error: identifier 'ChessBoardTile'
D:\One Drive\OneDrive - Sheffield Hallam University\University Drive\Computer Science BSc\Modules\Year 2\OOP for CS\Chess Game\Chess Game\ChessBoard.h(22,16): error C2143: syntax error: missing ';' before '*'
D:\One Drive\OneDrive - Sheffield Hallam University\University Drive\Computer Science BSc\Modules\Year 2\OOP for CS\Chess Game\Chess Game\ChessBoard.h(22,16): error C4430: missing type specifier - int assumed. Note: C++ does not support default-int
D:\One Drive\OneDrive - Sheffield Hallam University\University Drive\Computer Science BSc\Modules\Year 2\OOP for CS\Chess Game\Chess Game\ChessBoard.h(22,46): error C2238: unexpected token(s) preceding ';'
D:\One Drive\OneDrive - Sheffield Hallam University\University Drive\Computer Science BSc\Modules\Year 2\OOP for CS\Chess Game\Chess Game\ChessBoard.h(30,14): error C2065: 'ChessBoardTile': undeclared identifier
D:\One Drive\OneDrive - Sheffield Hallam University\University Drive\Computer Science BSc\Modules\Year 2\OOP for CS\Chess Game\Chess Game\ChessBoard.h(30,29): error C2059: syntax error: '>'
D:\One Drive\OneDrive - Sheffield Hallam University\University Drive\Computer Science BSc\Modules\Year 2\OOP for CS\Chess Game\Chess Game\ChessBoard.h(31,11): error C2143: syntax error: missing ';' before '*'
D:\One Drive\OneDrive - Sheffield Hallam University\University Drive\Computer Science BSc\Modules\Year 2\OOP for CS\Chess Game\Chess Game\ChessBoard.h(31,11): error C4430: missing type specifier - int assumed. Note: C++ does not support default-int
D:\One Drive\OneDrive - Sheffield Hallam University\University Drive\Computer Science BSc\Modules\Year 2\OOP for CS\Chess Game\Chess Game\ChessBoard.h(31,30): error C2238: unexpected token(s) preceding ';'
D:\One Drive\OneDrive - Sheffield Hallam University\University Drive\Computer Science BSc\Modules\Year 2\OOP for CS\Chess Game\Chess Game\PlayerManager.h(15,37): error C2061: syntax error: identifier 'GamePiece'
D:\One Drive\OneDrive - Sheffield Hallam University\University Drive\Computer Science BSc\Modules\Year 2\OOP for CS\Chess Game\Chess Game\PlayerManager.h(23,14): error C2065: 'GamePiece': undeclared identifier
D:\One Drive\OneDrive - Sheffield Hallam University\University Drive\Computer Science BSc\Modules\Year 2\OOP for CS\Chess Game\Chess Game\PlayerManager.h(23,24): error C2059: syntax error: '>'
D:\One Drive\OneDrive - Sheffield Hallam University\University Drive\Computer Science BSc\Modules\Year 2\OOP for CS\Chess Game\Chess Game\PlayerManager.h(24,14): error C2065: 'GamePiece': undeclared identifier
D:\One Drive\OneDrive - Sheffield Hallam University\University Drive\Computer Science BSc\Modules\Year 2\OOP for CS\Chess Game\Chess Game\PlayerManager.h(24,24): error C2059: syntax error: '>'
D:\One Drive\OneDrive - Sheffield Hallam University\University Drive\Computer Science BSc\Modules\Year 2\OOP for CS\Chess Game\Chess Game\GamePiece.h(16): warning C4091: 'static ': ignored on left of 'GamePiece::Team' when no variable is declared
D:\One Drive\OneDrive - Sheffield Hallam University\University Drive\Computer Science BSc\Modules\Year 2\OOP for CS\Chess Game\Chess Game\ChessBoardTile.cpp(10,55): error C2661: 'Pawn::Pawn': no overloaded function takes 2 arguments
  GamePiece.cpp
D:\One Drive\OneDrive - Sheffield Hallam University\University Drive\Computer Science BSc\Modules\Year 2\OOP for CS\Chess Game\Chess Game\ChessBoardTile.cpp(15,55): error C2661: 'Pawn::Pawn': no overloaded function takes 2 arguments
D:\One Drive\OneDrive - Sheffield Hallam University\University Drive\Computer Science BSc\Modules\Year 2\OOP for CS\Chess Game\Chess Game\ChessBoard.h(22,16): error C2143: syntax error: missing ';' before '*'
D:\One Drive\OneDrive - Sheffield Hallam University\University Drive\Computer Science BSc\Modules\Year 2\OOP for CS\Chess Game\Chess Game\ChessBoard.h(22,16): error C4430: missing type specifier - int assumed. Note: C++ does not support default-int
D:\One Drive\OneDrive - Sheffield Hallam University\University Drive\Computer Science BSc\Modules\Year 2\OOP for CS\Chess Game\Chess Game\ChessBoard.h(22,46): error C2238: unexpected token(s) preceding ';'
D:\One Drive\OneDrive - Sheffield Hallam University\University Drive\Computer Science BSc\Modules\Year 2\OOP for CS\Chess Game\Chess Game\ChessBoard.h(30,14): error C2065: 'ChessBoardTile': undeclared identifier
D:\One Drive\OneDrive - Sheffield Hallam University\University Drive\Computer Science BSc\Modules\Year 2\OOP for CS\Chess Game\Chess Game\ChessBoard.h(30,29): error C2059: syntax error: '>'
D:\One Drive\OneDrive - Sheffield Hallam University\University Drive\Computer Science BSc\Modules\Year 2\OOP for CS\Chess Game\Chess Game\ChessBoard.h(31,11): error C2143: syntax error: missing ';' before '*'
D:\One Drive\OneDrive - Sheffield Hallam University\University Drive\Computer Science BSc\Modules\Year 2\OOP for CS\Chess Game\Chess Game\ChessBoard.h(31,11): error C4430: missing type specifier - int assumed. Note: C++ does not support default-int
D:\One Drive\OneDrive - Sheffield Hallam University\University Drive\Computer Science BSc\Modules\Year 2\OOP for CS\Chess Game\Chess Game\ChessBoard.h(31,30): error C2238: unexpected token(s) preceding ';'
D:\One Drive\OneDrive - Sheffield Hallam University\University Drive\Computer Science BSc\Modules\Year 2\OOP for CS\Chess Game\Chess Game\Pawn.h(7,1): error C2504: 'GamePiece': base class undefined
D:\One Drive\OneDrive - Sheffield Hallam University\University Drive\Computer Science BSc\Modules\Year 2\OOP for CS\Chess Game\Chess Game\Pawn.h(9,54): error C2061: syntax error: identifier 'Team'
D:\One Drive\OneDrive - Sheffield Hallam University\University Drive\Computer Science BSc\Modules\Year 2\OOP for CS\Chess Game\Chess Game\Pawn.h(12,35): error C2061: syntax error: identifier 'ChessBoardTile'
D:\One Drive\OneDrive - Sheffield Hallam University\University Drive\Computer Science BSc\Modules\Year 2\OOP for CS\Chess Game\Chess Game\ChessBoardTile.h(16,11): error C2143: syntax error: missing ';' before '*'
D:\One Drive\OneDrive - Sheffield Hallam University\University Drive\Computer Science BSc\Modules\Year 2\OOP for CS\Chess Game\Chess Game\ChessBoardTile.h(16,11): error C4430: missing type specifier - int assumed. Note: C++ does not support default-int
D:\One Drive\OneDrive - Sheffield Hallam University\University Drive\Computer Science BSc\Modules\Year 2\OOP for CS\Chess Game\Chess Game\ChessBoardTile.h(16,23): error C2238: unexpected token(s) preceding ';'
D:\One Drive\OneDrive - Sheffield Hallam University\University Drive\Computer Science BSc\Modules\Year 2\OOP for CS\Chess Game\Chess Game\ChessBoardTile.h(19,34): error C2061: syntax error: identifier 'GamePiece'
D:\One Drive\OneDrive - Sheffield Hallam University\University Drive\Computer Science BSc\Modules\Year 2\OOP for CS\Chess Game\Chess Game\GamePiece.h(16): warning C4091: 'static ': ignored on left of 'GamePiece::Team' when no variable is declared
D:\One Drive\OneDrive - Sheffield Hallam University\University Drive\Computer Science BSc\Modules\Year 2\OOP for CS\Chess Game\Chess Game\GamePiece.cpp(48,5): error C2039: 'GetPiece': is not a member of 'ChessBoardTile'
D:\One Drive\OneDrive - Sheffield Hallam University\University Drive\Computer Science BSc\Modules\Year 2\OOP for CS\Chess Game\Chess Game\GamePiece.cpp(36): message : see declaration of 'ChessBoardTile'
D:\One Drive\OneDrive - Sheffield Hallam University\University Drive\Computer Science BSc\Modules\Year 2\OOP for CS\Chess Game\Chess Game\GamePiece.cpp(50,49): error C2660: 'ChessBoardTile::ChangePieceOnTile': function does not take 1 arguments
D:\One Drive\OneDrive - Sheffield Hallam University\University Drive\Computer Science BSc\Modules\Year 2\OOP for CS\Chess Game\Chess Game\ChessBoardTile.h(19,7): message : see declaration of 'ChessBoardTile::ChangePieceOnTile'
D:\One Drive\OneDrive - Sheffield Hallam University\University Drive\Computer Science BSc\Modules\Year 2\OOP for CS\Chess Game\Chess Game\GamePiece.cpp(51,34): error C2660: 'ChessBoardTile::ChangePieceOnTile': function does not take 1 arguments
D:\One Drive\OneDrive - Sheffield Hallam University\University Drive\Computer Science BSc\Modules\Year 2\OOP for CS\Chess Game\Chess Game\ChessBoardTile.h(19,7): message : see declaration of 'ChessBoardTile::ChangePieceOnTile'
D:\One Drive\OneDrive - Sheffield Hallam University\University Drive\Computer Science BSc\Modules\Year 2\OOP for CS\Chess Game\Chess Game\GamePiece.cpp(56,49): error C2660: 'ChessBoardTile::ChangePieceOnTile': function does not take 1 arguments
D:\One Drive\OneDrive - Sheffield Hallam University\University Drive\Computer Science BSc\Modules\Year 2\OOP for CS\Chess Game\Chess Game\ChessBoardTile.h(19,7): message : see declaration of 'ChessBoardTile::ChangePieceOnTile'
D:\One Drive\OneDrive - Sheffield Hallam University\University Drive\Computer Science BSc\Modules\Year 2\OOP for CS\Chess Game\Chess Game\GamePiece.cpp(58,76): error C2039: 'GetPiece': is not a member of 'ChessBoardTile'
D:\One Drive\OneDrive - Sheffield Hallam University\University Drive\Computer Science BSc\Modules\Year 2\OOP for CS\Chess Game\Chess Game\GamePiece.cpp(36): message : see declaration of 'ChessBoardTile'
D:\One Drive\OneDrive - Sheffield Hallam University\University Drive\Computer Science BSc\Modules\Year 2\OOP for CS\Chess Game\Chess Game\GamePiece.cpp(59,34): error C2660: 'ChessBoardTile::ChangePieceOnTile': function does not take 1 arguments
  GameWindow.cpp
D:\One Drive\OneDrive - Sheffield Hallam University\University Drive\Computer Science BSc\Modules\Year 2\OOP for CS\Chess Game\Chess Game\ChessBoardTile.h(19,7): message : see declaration of 'ChessBoardTile::ChangePieceOnTile'
D:\One Drive\OneDrive - Sheffield Hallam University\University Drive\Computer Science BSc\Modules\Year 2\OOP for CS\Chess Game\Chess Game\PlayerManager.h(15,37): error C2061: syntax error: identifier 'GamePiece'
D:\One Drive\OneDrive - Sheffield Hallam University\University Drive\Computer Science BSc\Modules\Year 2\OOP for CS\Chess Game\Chess Game\PlayerManager.h(23,14): error C2065: 'GamePiece': undeclared identifier
D:\One Drive\OneDrive - Sheffield Hallam University\University Drive\Computer Science BSc\Modules\Year 2\OOP for CS\Chess Game\Chess Game\PlayerManager.h(23,24): error C2059: syntax error: '>'
D:\One Drive\OneDrive - Sheffield Hallam University\University Drive\Computer Science BSc\Modules\Year 2\OOP for CS\Chess Game\Chess Game\PlayerManager.h(24,14): error C2065: 'GamePiece': undeclared identifier
D:\One Drive\OneDrive - Sheffield Hallam University\University Drive\Computer Science BSc\Modules\Year 2\OOP for CS\Chess Game\Chess Game\PlayerManager.h(24,24): error C2059: syntax error: '>'
D:\One Drive\OneDrive - Sheffield Hallam University\University Drive\Computer Science BSc\Modules\Year 2\OOP for CS\Chess Game\Chess Game\GamePiece.h(16): warning C4091: 'static ': ignored on left of 'GamePiece::Team' when no variable is declared
D:\One Drive\OneDrive - Sheffield Hallam University\University Drive\Computer Science BSc\Modules\Year 2\OOP for CS\Chess Game\Chess Game\GamePiece.h(25,71): error C2061: syntax error: identifier 'ChessBoard'
  Main.cpp
D:\One Drive\OneDrive - Sheffield Hallam University\University Drive\Computer Science BSc\Modules\Year 2\OOP for CS\Chess Game\Chess Game\Pawn.h(11,64): error C2061: syntax error: identifier 'ChessBoard'
D:\One Drive\OneDrive - Sheffield Hallam University\University Drive\Computer Science BSc\Modules\Year 2\OOP for CS\Chess Game\Chess Game\PlayerManager.h(15,37): error C2061: syntax error: identifier 'GamePiece'
D:\One Drive\OneDrive - Sheffield Hallam University\University Drive\Computer Science BSc\Modules\Year 2\OOP for CS\Chess Game\Chess Game\PlayerManager.h(23,14): error C2065: 'GamePiece': undeclared identifier
D:\One Drive\OneDrive - Sheffield Hallam University\University Drive\Computer Science BSc\Modules\Year 2\OOP for CS\Chess Game\Chess Game\PlayerManager.h(23,24): error C2059: syntax error: '>'
D:\One Drive\OneDrive - Sheffield Hallam University\University Drive\Computer Science BSc\Modules\Year 2\OOP for CS\Chess Game\Chess Game\PlayerManager.h(24,14): error C2065: 'GamePiece': undeclared identifier
D:\One Drive\OneDrive - Sheffield Hallam University\University Drive\Computer Science BSc\Modules\Year 2\OOP for CS\Chess Game\Chess Game\PlayerManager.h(24,24): error C2059: syntax error: '>'
D:\One Drive\OneDrive - Sheffield Hallam University\University Drive\Computer Science BSc\Modules\Year 2\OOP for CS\Chess Game\Chess Game\GamePiece.h(16): warning C4091: 'static ': ignored on left of 'GamePiece::Team' when no variable is declared
D:\One Drive\OneDrive - Sheffield Hallam University\University Drive\Computer Science BSc\Modules\Year 2\OOP for CS\Chess Game\Chess Game\GamePiece.h(25,71): error C2061: syntax error: identifier 'ChessBoard'
  Pawn.cpp
D:\One Drive\OneDrive - Sheffield Hallam University\University Drive\Computer Science BSc\Modules\Year 2\OOP for CS\Chess Game\Chess Game\Pawn.h(11,64): error C2061: syntax error: identifier 'ChessBoard'
D:\One Drive\OneDrive - Sheffield Hallam University\University Drive\Computer Science BSc\Modules\Year 2\OOP for CS\Chess Game\Chess Game\ChessBoardTile.h(16,11): error C2143: syntax error: missing ';' before '*'
D:\One Drive\OneDrive - Sheffield Hallam University\University Drive\Computer Science BSc\Modules\Year 2\OOP for CS\Chess Game\Chess Game\ChessBoardTile.h(16,11): error C4430: missing type specifier - int assumed. Note: C++ does not support default-int
D:\One Drive\OneDrive - Sheffield Hallam University\University Drive\Computer Science BSc\Modules\Year 2\OOP for CS\Chess Game\Chess Game\ChessBoardTile.h(16,23): error C2238: unexpected token(s) preceding ';'
D:\One Drive\OneDrive - Sheffield Hallam University\University Drive\Computer Science BSc\Modules\Year 2\OOP for CS\Chess Game\Chess Game\ChessBoardTile.h(19,34): error C2061: syntax error: identifier 'GamePiece'
D:\One Drive\OneDrive - Sheffield Hallam University\University Drive\Computer Science BSc\Modules\Year 2\OOP for CS\Chess Game\Chess Game\GamePiece.h(16): warning C4091: 'static ': ignored on left of 'GamePiece::Team' when no variable is declared
D:\One Drive\OneDrive - Sheffield Hallam University\University Drive\Computer Science BSc\Modules\Year 2\OOP for CS\Chess Game\Chess Game\Pawn.cpp(27,77): error C2039: 'GetPiece': is not a member of 'ChessBoardTile'
D:\One Drive\OneDrive - Sheffield Hallam University\University Drive\Computer Science BSc\Modules\Year 2\OOP for CS\Chess Game\Chess Game\ChessBoardTile.h(8): message : see declaration of 'ChessBoardTile'
D:\One Drive\OneDrive - Sheffield Hallam University\University Drive\Computer Science BSc\Modules\Year 2\OOP for CS\Chess Game\Chess Game\Pawn.cpp(28,78): error C2039: 'GetPiece': is not a member of 'ChessBoardTile'
D:\One Drive\OneDrive - Sheffield Hallam University\University Drive\Computer Science BSc\Modules\Year 2\OOP for CS\Chess Game\Chess Game\ChessBoardTile.h(8): message : see declaration of 'ChessBoardTile'
D:\One Drive\OneDrive - Sheffield Hallam University\University Drive\Computer Science BSc\Modules\Year 2\OOP for CS\Chess Game\Chess Game\Pawn.cpp(29,83): error C2039: 'GetPiece': is not a member of 'ChessBoardTile'
D:\One Drive\OneDrive - Sheffield Hallam University\University Drive\Computer Science BSc\Modules\Year 2\OOP for CS\Chess Game\Chess Game\ChessBoardTile.h(8): message : see declaration of 'ChessBoardTile'
D:\One Drive\OneDrive - Sheffield Hallam University\University Drive\Computer Science BSc\Modules\Year 2\OOP for CS\Chess Game\Chess Game\Pawn.cpp(30,83): error C2039: 'GetPiece': is not a member of 'ChessBoardTile'
  PlayerManager.cpp
D:\One Drive\OneDrive - Sheffield Hallam University\University Drive\Computer Science BSc\Modules\Year 2\OOP for CS\Chess Game\Chess Game\ChessBoardTile.h(8): message : see declaration of 'ChessBoardTile'
D:\One Drive\OneDrive - Sheffield Hallam University\University Drive\Computer Science BSc\Modules\Year 2\OOP for CS\Chess Game\Chess Game\ChessBoard.h(22,16): error C2143: syntax error: missing ';' before '*'
D:\One Drive\OneDrive - Sheffield Hallam University\University Drive\Computer Science BSc\Modules\Year 2\OOP for CS\Chess Game\Chess Game\ChessBoard.h(22,16): error C4430: missing type specifier - int assumed. Note: C++ does not support default-int
D:\One Drive\OneDrive - Sheffield Hallam University\University Drive\Computer Science BSc\Modules\Year 2\OOP for CS\Chess Game\Chess Game\ChessBoard.h(22,46): error C2238: unexpected token(s) preceding ';'
D:\One Drive\OneDrive - Sheffield Hallam University\University Drive\Computer Science BSc\Modules\Year 2\OOP for CS\Chess Game\Chess Game\ChessBoard.h(30,14): error C2065: 'ChessBoardTile': undeclared identifier
D:\One Drive\OneDrive - Sheffield Hallam University\University Drive\Computer Science BSc\Modules\Year 2\OOP for CS\Chess Game\Chess Game\ChessBoard.h(30,29): error C2059: syntax error: '>'
D:\One Drive\OneDrive - Sheffield Hallam University\University Drive\Computer Science BSc\Modules\Year 2\OOP for CS\Chess Game\Chess Game\ChessBoard.h(31,11): error C2143: syntax error: missing ';' before '*'
D:\One Drive\OneDrive - Sheffield Hallam University\University Drive\Computer Science BSc\Modules\Year 2\OOP for CS\Chess Game\Chess Game\ChessBoard.h(31,11): error C4430: missing type specifier - int assumed. Note: C++ does not support default-int
D:\One Drive\OneDrive - Sheffield Hallam University\University Drive\Computer Science BSc\Modules\Year 2\OOP for CS\Chess Game\Chess Game\ChessBoard.h(31,30): error C2238: unexpected token(s) preceding ';'
D:\One Drive\OneDrive - Sheffield Hallam University\University Drive\Computer Science BSc\Modules\Year 2\OOP for CS\Chess Game\Chess Game\Pawn.h(7,1): error C2504: 'GamePiece': base class undefined
D:\One Drive\OneDrive - Sheffield Hallam University\University Drive\Computer Science BSc\Modules\Year 2\OOP for CS\Chess Game\Chess Game\Pawn.h(9,54): error C2061: syntax error: identifier 'Team'
D:\One Drive\OneDrive - Sheffield Hallam University\University Drive\Computer Science BSc\Modules\Year 2\OOP for CS\Chess Game\Chess Game\Pawn.h(12,35): error C2061: syntax error: identifier 'ChessBoardTile'
D:\One Drive\OneDrive - Sheffield Hallam University\University Drive\Computer Science BSc\Modules\Year 2\OOP for CS\Chess Game\Chess Game\ChessBoardTile.h(16,11): error C2143: syntax error: missing ';' before '*'
D:\One Drive\OneDrive - Sheffield Hallam University\University Drive\Computer Science BSc\Modules\Year 2\OOP for CS\Chess Game\Chess Game\ChessBoardTile.h(16,11): error C4430: missing type specifier - int assumed. Note: C++ does not support default-int
D:\One Drive\OneDrive - Sheffield Hallam University\University Drive\Computer Science BSc\Modules\Year 2\OOP for CS\Chess Game\Chess Game\ChessBoardTile.h(16,23): error C2238: unexpected token(s) preceding ';'
D:\One Drive\OneDrive - Sheffield Hallam University\University Drive\Computer Science BSc\Modules\Year 2\OOP for CS\Chess Game\Chess Game\ChessBoardTile.h(19,34): error C2061: syntax error: identifier 'GamePiece'
  StartupWIndow.cpp
D:\One Drive\OneDrive - Sheffield Hallam University\University Drive\Computer Science BSc\Modules\Year 2\OOP for CS\Chess Game\Chess Game\GamePiece.h(16): warning C4091: 'static ': ignored on left of 'GamePiece::Team' when no variable is declared
D:\One Drive\OneDrive - Sheffield Hallam University\University Drive\Computer Science BSc\Modules\Year 2\OOP for CS\Chess Game\Chess Game\PlayerManager.h(15,37): error C2061: syntax error: identifier 'GamePiece'
D:\One Drive\OneDrive - Sheffield Hallam University\University Drive\Computer Science BSc\Modules\Year 2\OOP for CS\Chess Game\Chess Game\PlayerManager.h(23,14): error C2065: 'GamePiece': undeclared identifier
D:\One Drive\OneDrive - Sheffield Hallam University\University Drive\Computer Science BSc\Modules\Year 2\OOP for CS\Chess Game\Chess Game\PlayerManager.h(23,24): error C2059: syntax error: '>'
D:\One Drive\OneDrive - Sheffield Hallam University\University Drive\Computer Science BSc\Modules\Year 2\OOP for CS\Chess Game\Chess Game\PlayerManager.h(24,14): error C2065: 'GamePiece': undeclared identifier
D:\One Drive\OneDrive - Sheffield Hallam University\University Drive\Computer Science BSc\Modules\Year 2\OOP for CS\Chess Game\Chess Game\PlayerManager.h(24,24): error C2059: syntax error: '>'
D:\One Drive\OneDrive - Sheffield Hallam University\University Drive\Computer Science BSc\Modules\Year 2\OOP for CS\Chess Game\Chess Game\GamePiece.h(16): warning C4091: 'static ': ignored on left of 'GamePiece::Team' when no variable is declared
D:\One Drive\OneDrive - Sheffield Hallam University\University Drive\Computer Science BSc\Modules\Year 2\OOP for CS\Chess Game\Chess Game\GamePiece.h(25,71): error C2061: syntax error: identifier 'ChessBoard'
  Generating Code...
D:\One Drive\OneDrive - Sheffield Hallam University\University Drive\Computer Science BSc\Modules\Year 2\OOP for CS\Chess Game\Chess Game\Pawn.h(11,64): error C2061: syntax error: identifier 'ChessBoard'
