d:\one drive\onedrive - sheffield hallam university\university drive\computer science bsc\modules\year 2\oop for cs\chess game\chess game\debug\vc142.pdb
d:\one drive\onedrive - sheffield hallam university\university drive\computer science bsc\modules\year 2\oop for cs\chess game\chess game\debug\vc142.idb
d:\one drive\onedrive - sheffield hallam university\university drive\computer science bsc\modules\year 2\oop for cs\chess game\chess game\debug\startupwindow.obj
d:\one drive\onedrive - sheffield hallam university\university drive\computer science bsc\modules\year 2\oop for cs\chess game\chess game\debug\playermanager.obj
d:\one drive\onedrive - sheffield hallam university\university drive\computer science bsc\modules\year 2\oop for cs\chess game\chess game\debug\pawn.obj
d:\one drive\onedrive - sheffield hallam university\university drive\computer science bsc\modules\year 2\oop for cs\chess game\chess game\debug\main.obj
d:\one drive\onedrive - sheffield hallam university\university drive\computer science bsc\modules\year 2\oop for cs\chess game\chess game\debug\gamewindow.obj
d:\one drive\onedrive - sheffield hallam university\university drive\computer science bsc\modules\year 2\oop for cs\chess game\chess game\debug\gamepiece.obj
d:\one drive\onedrive - sheffield hallam university\university drive\computer science bsc\modules\year 2\oop for cs\chess game\chess game\debug\entity.obj
d:\one drive\onedrive - sheffield hallam university\university drive\computer science bsc\modules\year 2\oop for cs\chess game\chess game\debug\easygraphics.obj
d:\one drive\onedrive - sheffield hallam university\university drive\computer science bsc\modules\year 2\oop for cs\chess game\chess game\debug\chessboardtile.obj
d:\one drive\onedrive - sheffield hallam university\university drive\computer science bsc\modules\year 2\oop for cs\chess game\chess game\debug\chessboard.obj
d:\one drive\onedrive - sheffield hallam university\university drive\computer science bsc\modules\year 2\oop for cs\chess game\chess game\debug\button.obj
d:\one drive\onedrive - sheffield hallam university\university drive\computer science bsc\modules\year 2\oop for cs\chess game\debug\chess game.exe
d:\one drive\onedrive - sheffield hallam university\university drive\computer science bsc\modules\year 2\oop for cs\chess game\debug\chess game.ilk
d:\one drive\onedrive - sheffield hallam university\university drive\computer science bsc\modules\year 2\oop for cs\chess game\debug\chess game.pdb
d:\one drive\onedrive - sheffield hallam university\university drive\computer science bsc\modules\year 2\oop for cs\chess game\chess game\debug\vc141.idb
d:\one drive\onedrive - sheffield hallam university\university drive\computer science bsc\modules\year 2\oop for cs\chess game\chess game\debug\vc141.pdb
d:\one drive\onedrive - sheffield hallam university\university drive\computer science bsc\modules\year 2\oop for cs\chess game\chess game\debug\chess game.tlog\cl.command.1.tlog
d:\one drive\onedrive - sheffield hallam university\university drive\computer science bsc\modules\year 2\oop for cs\chess game\chess game\debug\chess game.tlog\cl.read.1.tlog
d:\one drive\onedrive - sheffield hallam university\university drive\computer science bsc\modules\year 2\oop for cs\chess game\chess game\debug\chess game.tlog\cl.write.1.tlog
d:\one drive\onedrive - sheffield hallam university\university drive\computer science bsc\modules\year 2\oop for cs\chess game\chess game\debug\chess game.tlog\link.command.1.tlog
d:\one drive\onedrive - sheffield hallam university\university drive\computer science bsc\modules\year 2\oop for cs\chess game\chess game\debug\chess game.tlog\link.read.1.tlog
d:\one drive\onedrive - sheffield hallam university\university drive\computer science bsc\modules\year 2\oop for cs\chess game\chess game\debug\chess game.tlog\link.write.1.tlog
